[16:03:09] [ServerMain/INFO]: [bootstrap] Running Java 21 (OpenJDK 64-Bit Server VM 21.0.9+10-LTS; Microsoft Microsoft-12574458) on Linux 6.14.0-37-generic (amd64)
[16:03:09] [ServerMain/INFO]: [bootstrap] Loading Paper 1.21.11-69-main@94d0c97 (2025-12-30T20:33:30Z) for Minecraft 1.21.11
[16:03:09] [ServerMain/INFO]: [PluginInitializerManager] Initializing plugins...
[16:03:09] [ServerMain/INFO]: [PluginInitializerManager] Initialized 1 plugin
[16:03:09] [ServerMain/INFO]: [PluginInitializerManager] Bukkit plugins (1):
 - jufyer-justMakesSense-plugin (1.0.0-SNAPSHOT)
[16:03:12] [ServerMain/INFO]: Environment: Environment[sessionHost=https://sessionserver.mojang.com, servicesHost=https://api.minecraftservices.com, profilesHost=https://api.mojang.com, name=PROD]
[16:03:12] [ServerMain/INFO]: Loaded 1470 recipes
[16:03:12] [ServerMain/INFO]: Loaded 1584 advancements
[16:03:12] [ServerMain/INFO]: [ca.spottedleaf.dataconverter.minecraft.datatypes.MCTypeRegistry] Initialising converters for DataConverter...
[16:03:13] [ServerMain/INFO]: [ca.spottedleaf.dataconverter.minecraft.datatypes.MCTypeRegistry] Finished initialising converters for DataConverter in 162,6ms
[16:03:13] [Server thread/INFO]: Starting minecraft server version 1.21.11
[16:03:13] [Server thread/INFO]: Loading properties
[16:03:13] [Server thread/INFO]: This server is running Paper version 1.21.11-69-main@94d0c97 (2025-12-30T20:33:30Z) (Implementing API version 1.21.11-R0.1-SNAPSHOT)
[16:03:13] [Server thread/INFO]: [spark] This server bundles the spark profiler. For more information please visit https://docs.papermc.io/paper/profiling
[16:03:13] [Server thread/INFO]: Server Ping Player Sample Count: 12
[16:03:13] [Server thread/INFO]: Using 4 threads for Netty based IO
[16:03:13] [Server thread/INFO]: [MoonriseCommon] Paper is using 4 worker threads, 1 I/O threads
[16:03:13] [Server thread/INFO]: Default game type: SURVIVAL
[16:03:13] [Server thread/INFO]: Generating keypair
[16:03:13] [Server thread/INFO]: Starting Minecraft server on *:25565
[16:03:13] [Server thread/INFO]: Paper: Using libdeflate (Linux x86_64) compression from Velocity.
[16:03:13] [Server thread/INFO]: Paper: Using OpenSSL 3.x.x (Linux x86_64) cipher from Velocity.
[16:03:13] [Server thread/INFO]: [jufyer-justMakesSense-plugin] Loading server plugin jufyer-justMakesSense-plugin v1.0.0-SNAPSHOT
[16:03:13] [Server thread/INFO]: Server permissions file permissions.yml is empty, ignoring it
[16:03:13] [Server thread/INFO]: [jufyer-justMakesSense-plugin] Enabling jufyer-justMakesSense-plugin v1.0.0-SNAPSHOT
[16:03:13] [Server thread/INFO]: [jufyer-justMakesSense-plugin] The following features are enabled: 
[16:03:13] [Server thread/INFO]: [jufyer-justMakesSense-plugin] Cauldron rework
[16:03:13] [Server thread/INFO]: Preparing level "world"
[16:03:13] [Server thread/INFO]: [ca.spottedleaf.moonrise.common.util.MoonriseConstants] NUMA enable flag is not set; however there is NUMA interaction support for this OS.
[16:03:13] [Server thread/INFO]: [ca.spottedleaf.moonrise.common.util.MoonriseConstants] Detected 1 NUMA nodes.
[16:03:14] [Server thread/INFO]: Loading 0 persistent chunks for world 'minecraft:overworld'...
[16:03:14] [Server thread/INFO]: Prepared spawn area in 0 ms
[16:03:14] [Server thread/INFO]: Loading 0 persistent chunks for world 'minecraft:the_nether'...
[16:03:14] [Server thread/INFO]: Prepared spawn area in 0 ms
[16:03:14] [Server thread/INFO]: Loading 0 persistent chunks for world 'minecraft:the_end'...
[16:03:14] [Server thread/INFO]: Prepared spawn area in 0 ms
[16:03:14] [Server thread/INFO]: Done preparing level "world" (0.213s)
[16:03:14] [Server thread/INFO]: [spark] Starting background profiler...
[16:03:14] [Server thread/INFO]: Running delayed init tasks
[16:03:14] [Server thread/INFO]: [jufyer-justMakesSense-plugin] Successfully loaded honey cauldrons after world initialization.
[16:03:14] [Server thread/INFO]: Done (5.375s)! For help, type "help"
[16:03:17] [User Authenticator #0/INFO]: UUID of player Jufyer is 4fc4ff2d-caa9-4ebc-b929-7e768144edcb
[16:03:18] [Server thread/INFO]: Jufyer joined the game
[16:03:18] [Server thread/INFO]: Jufyer[/127.0.0.1:48780] logged in with entity id 80 at ([world]-2501.6384029304068, 65.0, 3492.107407971082)
[16:05:14] [Server thread/INFO]: Jufyer lost connection: Disconnected
[16:05:14] [Server thread/INFO]: Jufyer left the game
[16:05:16] [Server thread/INFO]: Stopping server
[16:05:16] [Server thread/INFO]: [jufyer-justMakesSense-plugin] Disabling jufyer-justMakesSense-plugin v1.0.0-SNAPSHOT
[16:05:16] [Server thread/INFO]: Saving players
[16:05:16] [Server thread/INFO]: Saving worlds
[16:05:16] [Server thread/INFO]: Saving chunks for level 'ServerLevel[world]'/minecraft:overworld
[16:05:16] [Server thread/INFO]: [ChunkHolderManager] Waiting 60s for chunk system to halt for world 'world'
[16:05:16] [Server thread/INFO]: [ChunkHolderManager] Halted chunk system for world 'world'
[16:05:16] [Server thread/INFO]: [ChunkHolderManager] Saving all chunkholders for world 'world'
[16:05:16] [Server thread/INFO]: [ChunkHolderManager] Saved 625 block chunks, 625 entity chunks, 1 poi chunks in world 'world' in 0,27s
[16:05:16] [Server thread/INFO]: [ChunkHolderManager] Waiting 60s for chunk I/O to halt for world 'world'
[16:05:16] [Server thread/INFO]: [ChunkHolderManager] Halted I/O scheduler for world 'world'
[16:05:16] [Server thread/INFO]: Saving chunks for level 'ServerLevel[world_nether]'/minecraft:the_nether
[16:05:16] [Server thread/INFO]: [ChunkHolderManager] Waiting 60s for chunk system to halt for world 'world_nether'
[16:05:16] [Server thread/INFO]: [ChunkHolderManager] Halted chunk system for world 'world_nether'
[16:05:16] [Server thread/INFO]: [ChunkHolderManager] Saving all chunkholders for world 'world_nether'
[16:05:16] [Server thread/INFO]: [ChunkHolderManager] Saved 0 block chunks, 0 entity chunks, 0 poi chunks in world 'world_nether' in 0,00s
[16:05:16] [Server thread/INFO]: [ChunkHolderManager] Waiting 60s for chunk I/O to halt for world 'world_nether'
[16:05:16] [Server thread/INFO]: [ChunkHolderManager] Halted I/O scheduler for world 'world_nether'
[16:05:16] [Server thread/INFO]: Saving chunks for level 'ServerLevel[world_the_end]'/minecraft:the_end
[16:05:16] [Server thread/INFO]: [ChunkHolderManager] Waiting 60s for chunk system to halt for world 'world_the_end'
[16:05:16] [Server thread/INFO]: [ChunkHolderManager] Halted chunk system for world 'world_the_end'
[16:05:16] [Server thread/INFO]: [ChunkHolderManager] Saving all chunkholders for world 'world_the_end'
[16:05:16] [Server thread/INFO]: [ChunkHolderManager] Saved 0 block chunks, 0 entity chunks, 0 poi chunks in world 'world_the_end' in 0,00s
[16:05:16] [Server thread/INFO]: [ChunkHolderManager] Waiting 60s for chunk I/O to halt for world 'world_the_end'
[16:05:16] [Server thread/INFO]: [ChunkHolderManager] Halted I/O scheduler for world 'world_the_end'
[16:05:16] [Server thread/INFO]: ThreadedAnvilChunkStorage (world): All chunks are saved
[16:05:16] [Server thread/INFO]: ThreadedAnvilChunkStorage (DIM-1): All chunks are saved
[16:05:16] [Server thread/INFO]: ThreadedAnvilChunkStorage (DIM1): All chunks are saved
[16:05:16] [Server thread/INFO]: ThreadedAnvilChunkStorage: All dimensions are saved
[16:05:16] [Server thread/INFO]: Waiting for all RegionFile I/O tasks to complete...
[16:05:16] [Server thread/INFO]: All RegionFile I/O tasks to complete
[16:05:16] [Server thread/INFO]: [MoonriseCommon] Awaiting termination of worker pool for up to 60s...
[16:05:16] [Server thread/INFO]: [MoonriseCommon] Awaiting termination of I/O pool for up to 60s...
